#
# There is insufficient memory for the Java Runtime Environment to continue.
# Native memory allocation (malloc) failed to allocate 903296 bytes for Chunk::new
# Possible reasons:
#   The system is out of physical RAM or swap space
#   In 32 bit mode, the process size limit was hit
# Possible solutions:
#   Reduce memory load on the system
#   Increase physical memory or swap space
#   Check if swap backing store is full
#   Use 64 bit Java on a 64 bit OS
#   Decrease Java heap size (-Xmx/-Xms)
#   Decrease number of Java threads
#   Decrease Java thread stack sizes (-Xss)
#   Set larger code cache with -XX:ReservedCodeCacheSize=
# This output file may be truncated or incomplete.
#
#  Out of Memory Error (allocation.cpp:390), pid=7712, tid=0x0000000000000cb4
#
# JRE version: OpenJDK Runtime Environment (8.0_112-b06) (build 1.8.0_112-release-b06)
# Java VM: OpenJDK 64-Bit Server VM (25.112-b06 mixed mode windows-amd64 compressed oops)
# Failed to write core dump. Minidumps are not enabled by default on client versions of Windows
#

---------------  T H R E A D  ---------------

Current thread (0x0000000016bb8000):  JavaThread "C2 CompilerThread0" daemon [_thread_in_native, id=3252, stack(0x0000000018510000,0x0000000018610000)]

Stack: [0x0000000018510000,0x0000000018610000]
[error occurred during error reporting (printing stack bounds), id 0xc0000005]

Native frames: (J=compiled Java code, j=interpreted, Vv=VM code, C=native code)


Current CompileTask:
C2:3549330 30904 % !   4       com.android.ide.common.res2.DataMerger::mergeData @ 84 (603 bytes)


---------------  P R O C E S S  ---------------

Java Threads: ( => current thread )
  0x000000001cf38800 JavaThread "pool-25-thread-4" [_thread_blocked, id=13040, stack(0x00000000284d0000,0x00000000285d0000)]
  0x000000001cf2d800 JavaThread "pool-25-thread-3" [_thread_blocked, id=3080, stack(0x00000000283d0000,0x00000000284d0000)]
  0x000000001cf34000 JavaThread "pool-25-thread-2" [_thread_blocked, id=26708, stack(0x00000000272c0000,0x00000000273c0000)]
  0x000000001cf32000 JavaThread "pool-25-thread-1" [_thread_blocked, id=24496, stack(0x0000000024820000,0x0000000024920000)]
  0x000000001cf2f800 JavaThread "RMI TCP Connection(idle)" daemon [_thread_blocked, id=13940, stack(0x000000001ac40000,0x000000001ad40000)]
  0x000000001cf2a800 JavaThread "Cache update executor" [_thread_blocked, id=14656, stack(0x00000000208a0000,0x00000000209a0000)]
  0x000000001cf2e000 JavaThread "Asynchronous log dispatcher for DefaultDaemonConnection: socket connection from /127.0.0.1:57925 to /127.0.0.1:54666" [_thread_blocked, id=16640, stack(0x000000001ab40000,0x000000001ac40000)]
  0x000000001cf2c800 JavaThread "Daemon worker Thread 4" [_thread_in_native, id=1700, stack(0x000000001aa40000,0x000000001ab40000)]
  0x000000001cf2f000 JavaThread "Cancel handler" [_thread_blocked, id=24828, stack(0x000000001a840000,0x000000001a940000)]
  0x000000001cf2c000 JavaThread "Handler for socket connection from /127.0.0.1:57925 to /127.0.0.1:54666" [_thread_in_native, id=16772, stack(0x000000001a740000,0x000000001a840000)]
  0x000000001cf31000 JavaThread "Daemon Thread 4" [_thread_blocked, id=24696, stack(0x0000000002ef0000,0x0000000002ff0000)]
  0x000000001f522800 JavaThread "pool-11-thread-1" [_thread_blocked, id=7968, stack(0x000000001ad40000,0x000000001ae40000)]
  0x000000001b166800 JavaThread "RMI Reaper" [_thread_blocked, id=20812, stack(0x0000000023220000,0x0000000023320000)]
  0x000000001b166000 JavaThread "RMI TCP Accept-0" daemon [_thread_in_native, id=24228, stack(0x0000000023120000,0x0000000023220000)]
  0x000000001b167800 JavaThread "GC Daemon" daemon [_thread_blocked, id=27480, stack(0x0000000023020000,0x0000000023120000)]
  0x000000001b16c000 JavaThread "RMI Scheduler(0)" daemon [_thread_blocked, id=18656, stack(0x0000000001170000,0x0000000001270000)]
  0x000000001b168000 JavaThread "pool-2-thread-1" [_thread_blocked, id=15684, stack(0x000000001e950000,0x000000001ea50000)]
  0x000000001b169000 JavaThread "File lock request listener" [_thread_in_native, id=11856, stack(0x000000001d1e0000,0x000000001d2e0000)]
  0x0000000017fdd000 JavaThread "pool-1-thread-1" [_thread_blocked, id=16840, stack(0x000000001a940000,0x000000001aa40000)]
  0x0000000018eca800 JavaThread "Incoming local TCP Connector on port 57925" [_thread_in_native, id=15384, stack(0x000000001a3e0000,0x000000001a4e0000)]
  0x0000000017f8d800 JavaThread "Service Thread" daemon [_thread_blocked, id=7032, stack(0x0000000018810000,0x0000000018910000)]
  0x0000000017f66800 JavaThread "C1 CompilerThread2" daemon [_thread_blocked, id=21436, stack(0x0000000018710000,0x0000000018810000)]
  0x0000000016bba000 JavaThread "C2 CompilerThread1" daemon [_thread_in_native, id=13232, stack(0x0000000018610000,0x0000000018710000)]
=>0x0000000016bb8000 JavaThread "C2 CompilerThread0" daemon [_thread_in_native, id=3252, stack(0x0000000018510000,0x0000000018610000)]
  0x0000000016b6d800 JavaThread "Attach Listener" daemon [_thread_blocked, id=1896, stack(0x0000000018410000,0x0000000018510000)]
  0x0000000017f18800 JavaThread "Signal Dispatcher" daemon [_thread_blocked, id=696, stack(0x0000000018310000,0x0000000018410000)]
  0x00000000031eb000 JavaThread "Finalizer" daemon [_thread_blocked, id=28116, stack(0x0000000017db0000,0x0000000017eb0000)]
  0x00000000031e0000 JavaThread "Reference Handler" daemon [_thread_blocked, id=13100, stack(0x0000000017cb0000,0x0000000017db0000)]
  0x00000000030f0800 JavaThread "main" [_thread_blocked, id=23288, stack(0x0000000002ff0000,0x00000000030f0000)]

Other Threads:
  0x0000000016b25800 VMThread [stack: 0x0000000017bb0000,0x0000000017cb0000] [id=4976]
  0x0000000017f8f000 WatcherThread [stack: 0x0000000018910000,0x0000000018a10000] [id=23596]

VM state:not at safepoint (normal execution)

VM Mutex/Monitor currently owned by a thread: None

Heap:
 PSYoungGen      total 222720K, used 94572K [0x00000000e0000000, 0x00000000ff480000, 0x0000000100000000)
  eden space 175104K, 26% used [0x00000000e0000000,0x00000000e2e0afa8,0x00000000eab00000)
  from space 47616K, 99% used [0x00000000eab00000,0x00000000ed9502a8,0x00000000ed980000)
  to   space 167424K, 0% used [0x00000000f5100000,0x00000000f5100000,0x00000000ff480000)
 ParOldGen       total 1048576K, used 917674K [0x00000000a0000000, 0x00000000e0000000, 0x00000000e0000000)
  object space 1048576K, 87% used [0x00000000a0000000,0x00000000d802a898,0x00000000e0000000)
 Metaspace       used 119123K, capacity 125206K, committed 125312K, reserved 1159168K
  class space    used 14048K, capacity 15232K, committed 15232K, reserved 1048576K

Card table byte_map: [0x00000000125b0000,0x00000000128c0000] byte_map_base: 0x00000000120b0000

Marking Bits: (ParMarkBitMap*) 0x00000000763e18f0
 Begin Bits: [0x0000000012ec0000, 0x00000000146c0000)
 End Bits:   [0x00000000146c0000, 0x0000000015ec0000)

Polling page: 0x0000000000f90000

CodeCache: size=245760Kb used=84069Kb max_used=84069Kb free=161690Kb
 bounds [0x00000000031f0000, 0x0000000008490000, 0x00000000121f0000]
 total_blobs=23202 nmethods=22296 adapters=816
 compilation: enabled

Compilation events (10 events):
Event: 3548.799 Thread 0x0000000017f66800 30911       3       org.gradle.cache.internal.btree.BTreePersistentIndexedCache$IndexBlock::maybeMerge (302 bytes)
Event: 3548.802 Thread 0x0000000017f66800 nmethod 30911 0x000000000847c6d0 code [0x000000000847ca60, 0x000000000847e398]
Event: 3548.802 Thread 0x0000000017f66800 30912       3       org.gradle.cache.internal.btree.CachingBlockStore::remove (47 bytes)
Event: 3548.803 Thread 0x0000000017f66800 nmethod 30912 0x000000000847f290 code [0x000000000847f480, 0x000000000847feb8]
Event: 3548.803 Thread 0x0000000017f66800 30913       3       org.gradle.cache.internal.btree.FileBackedBlockStore::remove (13 bytes)
Event: 3548.803 Thread 0x0000000017f66800 nmethod 30913 0x000000000846e910 code [0x000000000846ea80, 0x000000000846ef50]
Event: 3548.803 Thread 0x0000000017f66800 30914       3       org.gradle.cache.internal.btree.Block::detach (14 bytes)
Event: 3548.804 Thread 0x0000000017f66800 nmethod 30914 0x00000000084729d0 code [0x0000000008472b40, 0x0000000008472d90]
Event: 3548.807 Thread 0x0000000017f66800 30915       3       java.util.stream.AbstractPipeline::onClose (30 bytes)
Event: 3548.808 Thread 0x0000000017f66800 nmethod 30915 0x0000000008472410 code [0x0000000008472580, 0x0000000008472848]

GC Heap History (10 events):
Event: 3358.187 GC heap before
{Heap before GC invocations=56 (full 9):
 PSYoungGen      total 359936K, used 317964K [0x00000000e0000000, 0x0000000100000000, 0x0000000100000000)
  eden space 204800K, 100% used [0x00000000e0000000,0x00000000ec800000,0x00000000ec800000)
  from space 155136K, 72% used [0x00000000f6880000,0x00000000fd7030a0,0x0000000100000000)
  to   space 159744K, 0% used [0x00000000ec800000,0x00000000ec800000,0x00000000f6400000)
 ParOldGen       total 1048576K, used 818901K [0x00000000a0000000, 0x00000000e0000000, 0x00000000e0000000)
  object space 1048576K, 78% used [0x00000000a0000000,0x00000000d1fb5420,0x00000000e0000000)
 Metaspace       used 111078K, capacity 117028K, committed 117120K, reserved 1150976K
  class space    used 13478K, capacity 14657K, committed 14720K, reserved 1048576K
Event: 3358.446 GC heap after
Heap after GC invocations=56 (full 9):
 PSYoungGen      total 356352K, used 151141K [0x00000000e0000000, 0x0000000100000000, 0x0000000100000000)
  eden space 204800K, 0% used [0x00000000e0000000,0x00000000e0000000,0x00000000ec800000)
  from space 151552K, 99% used [0x00000000ec800000,0x00000000f5b99510,0x00000000f5c00000)
  to   space 167936K, 0% used [0x00000000f5c00000,0x00000000f5c00000,0x0000000100000000)
 ParOldGen       total 1048576K, used 818909K [0x00000000a0000000, 0x00000000e0000000, 0x00000000e0000000)
  object space 1048576K, 78% used [0x00000000a0000000,0x00000000d1fb7420,0x00000000e0000000)
 Metaspace       used 111078K, capacity 117028K, committed 117120K, reserved 1150976K
  class space    used 13478K, capacity 14657K, committed 14720K, reserved 1048576K
}
Event: 3454.708 GC heap before
{Heap before GC invocations=57 (full 9):
 PSYoungGen      total 356352K, used 355941K [0x00000000e0000000, 0x0000000100000000, 0x0000000100000000)
  eden space 204800K, 100% used [0x00000000e0000000,0x00000000ec800000,0x00000000ec800000)
  from space 151552K, 99% used [0x00000000ec800000,0x00000000f5b99510,0x00000000f5c00000)
  to   space 167936K, 0% used [0x00000000f5c00000,0x00000000f5c00000,0x0000000100000000)
 ParOldGen       total 1048576K, used 818909K [0x00000000a0000000, 0x00000000e0000000, 0x00000000e0000000)
  object space 1048576K, 78% used [0x00000000a0000000,0x00000000d1fb7420,0x00000000e0000000)
 Metaspace       used 111466K, capacity 117492K, committed 117632K, reserved 1153024K
  class space    used 13509K, capacity 14699K, committed 14720K, reserved 1048576K
Event: 3454.991 GC heap after
Heap after GC invocations=57 (full 9):
 PSYoungGen      total 343040K, used 39735K [0x00000000e0000000, 0x0000000100000000, 0x0000000100000000)
  eden space 175104K, 0% used [0x00000000e0000000,0x00000000e0000000,0x00000000eab00000)
  from space 167936K, 23% used [0x00000000f5c00000,0x00000000f82cdc28,0x0000000100000000)
  to   space 174592K, 0% used [0x00000000eab00000,0x00000000eab00000,0x00000000f5580000)
 ParOldGen       total 1048576K, used 891157K [0x00000000a0000000, 0x00000000e0000000, 0x00000000e0000000)
  object space 1048576K, 84% used [0x00000000a0000000,0x00000000d6645518,0x00000000e0000000)
 Metaspace       used 111466K, capacity 117492K, committed 117632K, reserved 1153024K
  class space    used 13509K, capacity 14699K, committed 14720K, reserved 1048576K
}
Event: 3530.813 GC heap before
{Heap before GC invocations=58 (full 9):
 PSYoungGen      total 343040K, used 214839K [0x00000000e0000000, 0x0000000100000000, 0x0000000100000000)
  eden space 175104K, 100% used [0x00000000e0000000,0x00000000eab00000,0x00000000eab00000)
  from space 167936K, 23% used [0x00000000f5c00000,0x00000000f82cdc28,0x0000000100000000)
  to   space 174592K, 0% used [0x00000000eab00000,0x00000000eab00000,0x00000000f5580000)
 ParOldGen       total 1048576K, used 891157K [0x00000000a0000000, 0x00000000e0000000, 0x00000000e0000000)
  object space 1048576K, 84% used [0x00000000a0000000,0x00000000d6645518,0x00000000e0000000)
 Metaspace       used 111735K, capacity 117826K, committed 117888K, reserved 1153024K
  class space    used 13530K, capacity 14716K, committed 14720K, reserved 1048576K
Event: 3530.901 GC heap after
Heap after GC invocations=58 (full 9):
 PSYoungGen      total 349696K, used 43332K [0x00000000e0000000, 0x0000000100000000, 0x0000000100000000)
  eden space 175104K, 0% used [0x00000000e0000000,0x00000000e0000000,0x00000000eab00000)
  from space 174592K, 24% used [0x00000000eab00000,0x00000000ed551118,0x00000000f5580000)
  to   space 174592K, 0% used [0x00000000f5580000,0x00000000f5580000,0x0000000100000000)
 ParOldGen       total 1048576K, used 904502K [0x00000000a0000000, 0x00000000e0000000, 0x00000000e0000000)
  object space 1048576K, 86% used [0x00000000a0000000,0x00000000d734d960,0x00000000e0000000)
 Metaspace       used 111735K, capacity 117826K, committed 117888K, reserved 1153024K
  class space    used 13530K, capacity 14716K, committed 14720K, reserved 1048576K
}
Event: 3540.409 GC heap before
{Heap before GC invocations=59 (full 9):
 PSYoungGen      total 349696K, used 218436K [0x00000000e0000000, 0x0000000100000000, 0x0000000100000000)
  eden space 175104K, 100% used [0x00000000e0000000,0x00000000eab00000,0x00000000eab00000)
  from space 174592K, 24% used [0x00000000eab00000,0x00000000ed551118,0x00000000f5580000)
  to   space 174592K, 0% used [0x00000000f5580000,0x00000000f5580000,0x0000000100000000)
 ParOldGen       total 1048576K, used 904502K [0x00000000a0000000, 0x00000000e0000000, 0x00000000e0000000)
  object space 1048576K, 86% used [0x00000000a0000000,0x00000000d734d960,0x00000000e0000000)
 Metaspace       used 111969K, capacity 118184K, committed 118528K, reserved 1153024K
  class space    used 13553K, capacity 14749K, committed 14848K, reserved 1048576K
Event: 3540.517 GC heap after
Heap after GC invocations=59 (full 9):
 PSYoungGen      total 343552K, used 47937K [0x00000000e0000000, 0x00000000ffa00000, 0x0000000100000000)
  eden space 175104K, 0% used [0x00000000e0000000,0x00000000e0000000,0x00000000eab00000)
  from space 168448K, 28% used [0x00000000f5580000,0x00000000f8450668,0x00000000ffa00000)
  to   space 171520K, 0% used [0x00000000eab00000,0x00000000eab00000,0x00000000f5280000)
 ParOldGen       total 1048576K, used 917666K [0x00000000a0000000, 0x00000000e0000000, 0x00000000e0000000)
  object space 1048576K, 87% used [0x00000000a0000000,0x00000000d8028898,0x00000000e0000000)
 Metaspace       used 111969K, capacity 118184K, committed 118528K, reserved 1153024K
  class space    used 13553K, capacity 14749K, committed 14848K, reserved 1048576K
}
Event: 3546.494 GC heap before
{Heap before GC invocations=60 (full 9):
 PSYoungGen      total 343552K, used 223041K [0x00000000e0000000, 0x00000000ffa00000, 0x0000000100000000)
  eden space 175104K, 100% used [0x00000000e0000000,0x00000000eab00000,0x00000000eab00000)
  from space 168448K, 28% used [0x00000000f5580000,0x00000000f8450668,0x00000000ffa00000)
  to   space 171520K, 0% used [0x00000000eab00000,0x00000000eab00000,0x00000000f5280000)
 ParOldGen       total 1048576K, used 917666K [0x00000000a0000000, 0x00000000e0000000, 0x00000000e0000000)
  object space 1048576K, 87% used [0x00000000a0000000,0x00000000d8028898,0x00000000e0000000)
 Metaspace       used 117498K, capacity 123626K, committed 123776K, reserved 1157120K
  class space    used 13948K, capacity 15134K, committed 15232K, reserved 1048576K
Event: 3546.591 GC heap after
Heap after GC invocations=60 (full 9):
 PSYoungGen      total 222720K, used 47424K [0x00000000e0000000, 0x00000000ff480000, 0x0000000100000000)
  eden space 175104K, 0% used [0x00000000e0000000,0x00000000e0000000,0x00000000eab00000)
  from space 47616K, 99% used [0x00000000eab00000,0x00000000ed9502a8,0x00000000ed980000)
  to   space 167424K, 0% used [0x00000000f5100000,0x00000000f5100000,0x00000000ff480000)
 ParOldGen       total 1048576K, used 917674K [0x00000000a0000000, 0x00000000e0000000, 0x00000000e0000000)
  object space 1048576K, 87% used [0x00000000a0000000,0x00000000d802a898,0x00000000e0000000)
 Metaspace       used 117498K, capacity 123626K, committed 123776K, reserved 1157120K
  class space    used 13948K, capacity 15134K, committed 15232K, reserved 1048576K
}

Deoptimization events (10 events):
Event: 3548.255 Thread 0x000000001cf2c800 Uncommon trap: reason=class_check action=maybe_recompile pc=0x000000000845b344 method=org.eclipse.jdt.internal.compiler.ast.FieldDeclaration.traverse(Lorg/eclipse/jdt/internal/compiler/ASTVisitor;Lorg/eclipse/jdt/internal/compiler/lookup/MethodScope;)V @ 3˚oØÇ∏´@
Event: 3548.255 Thread 0x000000001cf2c800 Uncommon trap: reason=class_check action=maybe_recompile pc=0x000000000845b344 method=org.eclipse.jdt.internal.compiler.ast.FieldDeclaration.traverse(Lorg/eclipse/jdt/internal/compiler/ASTVisitor;Lorg/eclipse/jdt/internal/compiler/lookup/MethodScope;)V @ 3
Event: 3548.255 Thread 0x000000001cf2c800 Uncommon trap: reason=class_check action=maybe_recompile pc=0x000000000845b344 method=org.eclipse.jdt.internal.compiler.ast.FieldDeclaration.traverse(Lorg/eclipse/jdt/internal/compiler/ASTVisitor;Lorg/eclipse/jdt/internal/compiler/lookup/MethodScope;)V @ 3A
∑Ç∏´@
Event: 3548.255 Thread 0x000000001cf2c800 Uncommon trap: reason=class_check action=maybe_recompile pc=0x000000000845b344 method=org.eclipse.jdt.internal.compiler.ast.FieldDeclaration.traverse(Lorg/eclipse/jdt/internal/compiler/ASTVisitor;Lorg/eclipse/jdt/internal/compiler/lookup/MethodScope;)V @ 3ˆ†	bÉ∏´@
Event: 3548.257 Thread 0x000000001cf2c800 Uncommon trap: reason=class_check action=maybe_recompile pc=0x000000000844f748 method=org.eclipse.jdt.internal.compiler.ast.SingleTypeReference.traverse(Lorg/eclipse/jdt/internal/compiler/ASTVisitor;Lorg/eclipse/jdt/internal/compiler/lookup/BlockScope;)V @"¥«€É∏´@
Event: 3548.258 Thread 0x000000001cf2c800 Uncommon trap: reason=class_check action=maybe_recompile pc=0x000000000844f748 method=org.eclipse.jdt.internal.compiler.ast.SingleTypeReference.traverse(Lorg/eclipse/jdt/internal/compiler/ASTVisitor;Lorg/eclipse/jdt/internal/compiler/lookup/BlockScope;)V @£5yÖ∏´@
Event: 3548.260 Thread 0x000000001cf2c800 Uncommon trap: reason=class_check action=maybe_recompile pc=0x000000000844f748 method=org.eclipse.jdt.internal.compiler.ast.SingleTypeReference.traverse(Lorg/eclipse/jdt/internal/compiler/ASTVisitor;Lorg/eclipse/jdt/internal/compiler/lookup/BlockScope;)V @@`™çÖ∏´@
Event: 3548.261 Thread 0x000000001cf2c800 Uncommon trap: reason=class_check action=maybe_recompile pc=0x000000000844f748 method=org.eclipse.jdt.internal.compiler.ast.SingleTypeReference.traverse(Lorg/eclipse/jdt/internal/compiler/ASTVisitor;Lorg/eclipse/jdt/internal/compiler/lookup/BlockScope;)V @®1D®è∏´@
Event: 3548.281 Thread 0x000000001cf2c800 Uncommon trap: reason=predicate action=maybe_recompile pc=0x0000000007cb3204 method=com.android.ide.common.res2.DataMerger.mergeData(Lcom/android/ide/common/res2/MergeConsumer;Z)V @ 84
Event: 3548.821 Thread 0x000000001cf2a800 Uncommon trap: reason=unstable_if action=reinterpret pc=0x000000000373fbbc method=java.lang.ref.SoftReference.get()Ljava/lang/Object; @ 6

Internal exceptions (10 events):
Event: 3545.835 Thread 0x000000001cf2c800 Exception <a 'java/lang/ArrayIndexOutOfBoundsException': 2814> (0x00000000e995d220) thrown at [C:\src\android\AOSP-openjdk\external\jetbrains\jdk\hotspot\src\share\vm\interpreter\interpreterRuntime.cpp, line 366]
Event: 3545.836 Thread 0x000000001cf2c800 Exception <a 'java/lang/ArrayIndexOutOfBoundsException': 1481> (0x00000000e9961b08) thrown at [C:\src\android\AOSP-openjdk\external\jetbrains\jdk\hotspot\src\share\vm\interpreter\interpreterRuntime.cpp, line 366]
Event: 3545.848 Thread 0x000000001cf2c800 Exception <a 'java/lang/ArrayIndexOutOfBoundsException'> (0x00000000e99dbe08) thrown at [C:\src\android\AOSP-openjdk\external\jetbrains\jdk\hotspot\src\share\vm\runtime\sharedRuntime.cpp, line 605]
Event: 3545.888 Thread 0x000000001cf2c800 Exception <a 'java/lang/ArrayIndexOutOfBoundsException'> (0x00000000e9bbd6a0) thrown at [C:\src\android\AOSP-openjdk\external\jetbrains\jdk\hotspot\src\share\vm\runtime\sharedRuntime.cpp, line 605]
Event: 3545.900 Thread 0x000000001cf2c800 Exception <a 'java/lang/ArrayIndexOutOfBoundsException'> (0x00000000e9bcd030) thrown at [C:\src\android\AOSP-openjdk\external\jetbrains\jdk\hotspot\src\share\vm\runtime\sharedRuntime.cpp, line 605]
Event: 3545.901 Thread 0x000000001cf2c800 Exception <a 'java/lang/ArrayIndexOutOfBoundsException'> (0x00000000e9bced90) thrown at [C:\src\android\AOSP-openjdk\external\jetbrains\jdk\hotspot\src\share\vm\runtime\sharedRuntime.cpp, line 605]
Event: 3545.901 Thread 0x000000001cf2c800 Exception <a 'java/lang/ArrayIndexOutOfBoundsException'> (0x00000000e9bd1320) thrown at [C:\src\android\AOSP-openjdk\external\jetbrains\jdk\hotspot\src\share\vm\runtime\sharedRuntime.cpp, line 605]
Event: 3548.312 Thread 0x000000001cf32000 Exception <a 'sun/nio/fs/WindowsException'> (0x00000000e235cdd8) thrown at [C:\src\android\AOSP-openjdk\external\jetbrains\jdk\hotspot\src\share\vm\prims\jni.cpp, line 709]
Event: 3548.313 Thread 0x000000001cf32000 Exception <a 'sun/nio/fs/WindowsException'> (0x00000000e235d628) thrown at [C:\src\android\AOSP-openjdk\external\jetbrains\jdk\hotspot\src\share\vm\prims\jni.cpp, line 709]
Event: 3548.821 Thread 0x000000001cf2a800 Implicit null exception at 0x000000000373f5fc to 0x000000000373fb95

Events (10 events):
Event: 3548.260 Thread 0x000000001cf2c800 DEOPT UNPACKING pc=0x000000000323556a sp=0x000000001ab3b7d0 mode 2
Event: 3548.261 Thread 0x000000001cf2c800 Uncommon trap: trap_request=0xffffffde fr.pc=0x000000000844f748
Event: 3548.261 Thread 0x000000001cf2c800 DEOPT PACKING pc=0x000000000844f748 sp=0x000000001ab3b830
Event: 3548.261 Thread 0x000000001cf2c800 DEOPT UNPACKING pc=0x000000000323556a sp=0x000000001ab3b7d0 mode 2
Event: 3548.281 Thread 0x000000001cf2c800 Uncommon trap: trap_request=0xffffff86 fr.pc=0x0000000007cb3204
Event: 3548.281 Thread 0x000000001cf2c800 DEOPT PACKING pc=0x0000000007cb3204 sp=0x000000001ab3c290
Event: 3548.281 Thread 0x000000001cf2c800 DEOPT UNPACKING pc=0x000000000323556a sp=0x000000001ab3c298 mode 2
Event: 3548.821 Thread 0x000000001cf2a800 Uncommon trap: trap_request=0xffffff65 fr.pc=0x000000000373fbbc
Event: 3548.821 Thread 0x000000001cf2a800 DEOPT PACKING pc=0x000000000373fbbc sp=0x000000002099d300
Event: 3548.821 Thread 0x000000001cf2a800 DEOPT UNPACKING pc=0x000000000323556a sp=0x000000002099d1e8 mode 2


Dynamic libraries:
0x00007ff7ed4b0000 - 0x00007ff7ed4e1000 	E:\D_cash\android_studio\android-studio\jre\bin\java.exe
0x00007ff896c10000 - 0x00007ff896dd2000 	C:\Windows\SYSTEM32\ntdll.dll
0x00007ff895930000 - 0x00007ff8959dd000 	C:\Windows\system32\KERNEL32.DLL
0x00007ff8940f0000 - 0x00007ff8942cd000 	C:\Windows\system32\KERNELBASE.dll
0x00007ff896790000 - 0x00007ff896836000 	C:\Windows\system32\ADVAPI32.dll
0x00007ff895cc0000 - 0x00007ff895d5d000 	C:\Windows\system32\msvcrt.dll
0x00007ff8963e0000 - 0x00007ff89643b000 	C:\Windows\system32\sechost.dll
0x00007ff896440000 - 0x00007ff896566000 	C:\Windows\system32\RPCRT4.dll
0x00007ff896ac0000 - 0x00007ff896c0e000 	C:\Windows\system32\USER32.dll
0x00007ff896580000 - 0x00007ff896703000 	C:\Windows\system32\GDI32.dll
0x00007ff885280000 - 0x00007ff8854f4000 	C:\Windows\WinSxS\amd64_microsoft.windows.common-controls_6595b64144ccf1df_6.0.10240.17184_none_f41d7a705752bce6\COMCTL32.dll
0x00007ff8959e0000 - 0x00007ff895a16000 	C:\Windows\system32\IMM32.DLL
0x00007ff895e40000 - 0x00007ff895f9c000 	C:\Windows\system32\MSCTF.dll
0x0000000075b40000 - 0x0000000075c12000 	E:\D_cash\android_studio\android-studio\jre\jre\bin\msvcr100.dll
0x0000000075c20000 - 0x000000007645c000 	E:\D_cash\android_studio\android-studio\jre\jre\bin\server\jvm.dll
0x00007ff896570000 - 0x00007ff896578000 	C:\Windows\system32\PSAPI.DLL
0x00007ff88f6b0000 - 0x00007ff88f6ba000 	C:\Windows\SYSTEM32\VERSION.dll
0x00007ff88b100000 - 0x00007ff88b109000 	C:\Windows\SYSTEM32\WSOCK32.dll
0x00007ff896720000 - 0x00007ff896789000 	C:\Windows\system32\WS2_32.dll
0x00007ff895fa0000 - 0x00007ff895fa8000 	C:\Windows\system32\NSI.dll
0x00007ff891770000 - 0x00007ff891793000 	C:\Windows\SYSTEM32\WINMM.dll
0x0000000001370000 - 0x000000000139c000 	C:\Windows\SYSTEM32\WINMMBASE.dll
0x00007ff8940a0000 - 0x00007ff8940e4000 	C:\Windows\system32\cfgmgr32.dll
0x00007ff891ef0000 - 0x00007ff891f17000 	C:\Windows\SYSTEM32\DEVOBJ.dll
0x00007ff88de70000 - 0x00007ff88de7f000 	E:\D_cash\android_studio\android-studio\jre\jre\bin\verify.dll
0x00007ff888130000 - 0x00007ff888159000 	E:\D_cash\android_studio\android-studio\jre\jre\bin\java.dll
0x00007ff8897c0000 - 0x00007ff8897d6000 	E:\D_cash\android_studio\android-studio\jre\jre\bin\zip.dll
0x00007ff894400000 - 0x00007ff895923000 	C:\Windows\system32\SHELL32.dll
0x00007ff8939b0000 - 0x00007ff893fd9000 	C:\Windows\system32\windows.storage.dll
0x00007ff896160000 - 0x00007ff8963dc000 	C:\Windows\system32\combase.dll
0x00007ff8943a0000 - 0x00007ff8943f1000 	C:\Windows\system32\shlwapi.dll
0x00007ff893670000 - 0x00007ff89367f000 	C:\Windows\system32\kernel.appcore.dll
0x00007ff893fe0000 - 0x00007ff894093000 	C:\Windows\system32\shcore.dll
0x00007ff893680000 - 0x00007ff8936ca000 	C:\Windows\system32\powrprof.dll
0x00007ff893630000 - 0x00007ff893643000 	C:\Windows\system32\profapi.dll
0x00007ff889760000 - 0x00007ff88977a000 	E:\D_cash\android_studio\android-studio\jre\jre\bin\net.dll
0x00007ff892e40000 - 0x00007ff892e9d000 	C:\Windows\system32\mswsock.dll
0x00007ff888f30000 - 0x00007ff888f41000 	E:\D_cash\android_studio\android-studio\jre\jre\bin\nio.dll
0x00007ff888220000 - 0x00007ff88823e000 	C:\Users\01F\.gradle\native\23\windows-amd64\native-platform.dll
0x00007ff892ed0000 - 0x00007ff892ee7000 	C:\Windows\SYSTEM32\CRYPTSP.dll
0x00007ff893150000 - 0x00007ff893178000 	C:\Windows\SYSTEM32\bcrypt.dll
0x00007ff892b00000 - 0x00007ff892b33000 	C:\Windows\system32\rsaenh.dll
0x00007ff892ef0000 - 0x00007ff892f0f000 	C:\Windows\SYSTEM32\USERENV.dll
0x00007ff893480000 - 0x00007ff8934eb000 	C:\Windows\system32\bcryptprimitives.dll
0x00007ff893080000 - 0x00007ff89308b000 	C:\Windows\SYSTEM32\CRYPTBASE.dll
0x00007ff88e1d0000 - 0x00007ff88e208000 	C:\Windows\SYSTEM32\IPHLPAPI.DLL
0x00007ff88e280000 - 0x00007ff88e28b000 	C:\Windows\SYSTEM32\WINNSI.DLL
0x00007ff88e1b0000 - 0x00007ff88e1c6000 	C:\Windows\SYSTEM32\dhcpcsvc6.DLL
0x00007ff88e190000 - 0x00007ff88e1aa000 	C:\Windows\SYSTEM32\dhcpcsvc.DLL
0x00007ff8891c0000 - 0x00007ff8891cd000 	E:\D_cash\android_studio\android-studio\jre\jre\bin\management.dll
0x00007ff882490000 - 0x00007ff8824b4000 	E:\D_cash\android_studio\android-studio\jre\jre\bin\sunec.dll
0x00007ff892d90000 - 0x00007ff892e38000 	C:\Windows\SYSTEM32\DNSAPI.dll
0x00007ff88b400000 - 0x00007ff88b40a000 	C:\Windows\System32\rasadhlp.dll
0x00007ff88e210000 - 0x00007ff88e278000 	C:\Windows\System32\fwpuclnt.dll
0x00007ff888640000 - 0x00007ff88864b000 	E:\D_cash\android_studio\android-studio\jre\jre\bin\sunmscapi.dll
0x00007ff893730000 - 0x00007ff8938f1000 	C:\Windows\system32\CRYPT32.dll
0x00007ff893650000 - 0x00007ff893661000 	C:\Windows\system32\MSASN1.dll
0x00007ff87cee0000 - 0x00007ff87cefe000 	C:\Users\01F\AppData\Local\Temp\native-platform1556467133820212853dir\native-platform.dll
0x00007ff892a70000 - 0x00007ff892aa2000 	C:\Windows\SYSTEM32\ntmarta.dll

VM Arguments:
jvm_args: -Xmx1536m -Dfile.encoding=GBK -Duser.country=CN -Duser.language=zh -Duser.variant 
java_command: org.gradle.launcher.daemon.bootstrap.GradleDaemon 3.3
java_class_path (initial): C:\Users\01F\.gradle\wrapper\dists\gradle-3.3-all\55gk2rcmfc6p2dg9u9ohc3hw9\gradle-3.3\lib\gradle-launcher-3.3.jar
Launcher Type: SUN_STANDARD

Environment Variables:
JAVA_HOME=E:\D_cash\JDK\Java\jdk1.8.0_101
PATH=C:\Users\01F\.gradle\wrapper\dists\gradle-2.2-all\1vevkra640w3rb9hkuw50q5we\gradle-2.2\bin;E:\D_cash\JDK\Java\jdk1.8.0_101\bin;C:\Windows\system32;C:\Windows;C:\Windows\System32\Wbem;C:\Windows\System32\WindowsPowerShell\v1.0\;C:\Program Files (x86)\NVIDIA Corporation\PhysX\Common;E:\D_cash\git\Git\cmd
USERNAME=01F
OS=Windows_NT
PROCESSOR_IDENTIFIER=Intel64 Family 6 Model 58 Stepping 9, GenuineIntel



---------------  S Y S T E M  ---------------

OS: Windows 10.0 , 64 bit Build 10240 (10.0.10240.17113)

CPU:total 4 (2 cores per cpu, 2 threads per core) family 6 model 58 stepping 9, cmov, cx8, fxsr, mmx, sse, sse2, sse3, ssse3, sse4.1, sse4.2, popcnt, avx, aes, clmul, erms, ht, tsc, tscinvbit, tscinv

Memory: 4k page, physical 8337772k(1136096k free), swap 12998576k(5488k free)

vm_info: OpenJDK 64-Bit Server VM (25.112-b06) for windows-amd64 JRE (1.8.0_112-release-b06), built on Dec  8 2016 00:54:26 by "builder" with MS VC++ 10.0 (VS2010)

time: Thu Jul 13 15:50:11 2017
elapsed time: 3548 seconds (0d 0h 59m 8s)

